{
  "stats": {
    "suites": 1,
    "tests": 1,
    "passes": 1,
    "pending": 0,
    "failures": 0,
    "start": "2023-12-30T19:35:50.734Z",
    "end": "2023-12-30T19:37:27.265Z",
    "duration": 96531,
    "testsRegistered": 1,
    "passPercent": 100,
    "pendingPercent": 0,
    "other": 0,
    "hasOther": false,
    "skipped": 0,
    "hasSkipped": false
  },
  "results": [
    {
      "uuid": "3ddb93b5-0840-4906-b688-b31fae948b8f",
      "title": "",
      "fullFile": "cypress\\e2e\\RequestHomeClaim.cy.js",
      "file": "cypress\\e2e\\RequestHomeClaim.cy.js",
      "beforeHooks": [],
      "afterHooks": [],
      "tests": [],
      "suites": [
        {
          "uuid": "dd03887f-bd3f-4f55-ba56-a40905015c23",
          "title": "Requesting a Home Claim",
          "fullFile": "",
          "file": "",
          "beforeHooks": [],
          "afterHooks": [],
          "tests": [
            {
              "title": "Submitting a Home Claim Successfully",
              "fullTitle": "Requesting a Home Claim Submitting a Home Claim Successfully",
              "timedOut": null,
              "duration": 76213,
              "state": "passed",
              "speed": "slow",
              "pass": true,
              "fail": false,
              "pending": false,
              "context": "{\n  \"title\": \"cypress-mochawesome-reporter-videos-passed\",\n  \"value\": \"cypress\\\\e2e\\\\RequestHomeClaim.cy.js\"\n}",
              "code": "cy.visit('https://bestinsurance.trumobile.dev');\n_LoginPage.default.loginWithValidCredentials();\n_RequestClaimPage.default.RequestingClaim();\n/*if (Cypress.env('REPORT')) {\n    after(() => {\n      const reportDir = 'cypress/reports';\n      const reportFilename = 'report.json';\n  \n      cy.task('mochawesome:merge', { files: `${reportDir}/*.json` })\n        .then((mergedReport) => {\n          cy.task('mochawesome:report', { options: { reportDir, reportFilename, reportTitle: 'My Test Report' }, reportJson: mergedReport })\n        });\n    });\n  }*/",
              "err": {},
              "uuid": "4c62ba07-da44-4373-ad9f-1a19ea0933f6",
              "parentUUID": "dd03887f-bd3f-4f55-ba56-a40905015c23",
              "isHook": false,
              "skipped": false
            }
          ],
          "suites": [],
          "passes": [
            "4c62ba07-da44-4373-ad9f-1a19ea0933f6"
          ],
          "failures": [],
          "pending": [],
          "skipped": [],
          "duration": 76213,
          "root": false,
          "rootEmpty": false,
          "_timeout": 2000
        }
      ],
      "passes": [],
      "failures": [],
      "pending": [],
      "skipped": [],
      "duration": 0,
      "root": true,
      "rootEmpty": true,
      "_timeout": 2000
    }
  ],
  "meta": {
    "mocha": {
      "version": "7.0.1"
    },
    "mochawesome": {
      "options": {
        "quiet": false,
        "reportFilename": "mochawesome",
        "saveHtml": false,
        "saveJson": true,
        "consoleReporter": "spec",
        "useInlineDiffs": false,
        "code": true
      },
      "version": "7.1.3"
    },
    "marge": {
      "options": {
        "reportDir": "cypress\\results\\.jsons",
        "overwrite": false,
        "html": false,
        "json": true
      },
      "version": "6.2.0"
    }
  }
}